2018-03-07 22:09:09,134 INFO o.a.j.u.JMeterUtils: Setting Locale to en_EN
2018-03-07 22:09:09,150 INFO o.a.j.JMeter: Loading user properties from: /usr/local/Cellar/jmeter/4.0/libexec/bin/user.properties
2018-03-07 22:09:09,151 INFO o.a.j.JMeter: Loading system properties from: /usr/local/Cellar/jmeter/4.0/libexec/bin/system.properties
2018-03-07 22:09:09,155 INFO o.a.j.JMeter: Copyright (c) 1998-2018 The Apache Software Foundation
2018-03-07 22:09:09,156 INFO o.a.j.JMeter: Version 4.0 r1823414
2018-03-07 22:09:09,156 INFO o.a.j.JMeter: java.version=1.8.0_151
2018-03-07 22:09:09,156 INFO o.a.j.JMeter: java.vm.name=Java HotSpot(TM) 64-Bit Server VM
2018-03-07 22:09:09,156 INFO o.a.j.JMeter: os.name=Mac OS X
2018-03-07 22:09:09,156 INFO o.a.j.JMeter: os.arch=x86_64
2018-03-07 22:09:09,156 INFO o.a.j.JMeter: os.version=10.12.6
2018-03-07 22:09:09,156 INFO o.a.j.JMeter: file.encoding=UTF-8
2018-03-07 22:09:09,156 INFO o.a.j.JMeter: Max memory     =1073741824
2018-03-07 22:09:09,156 INFO o.a.j.JMeter: Available Processors =8
2018-03-07 22:09:09,159 INFO o.a.j.JMeter: Default Locale=English (EN)
2018-03-07 22:09:09,159 INFO o.a.j.JMeter: JMeter  Locale=English (EN)
2018-03-07 22:09:09,159 INFO o.a.j.JMeter: JMeterHome=/usr/local/Cellar/jmeter/4.0/libexec
2018-03-07 22:09:09,159 INFO o.a.j.JMeter: user.dir  =/Users/sahilbalodi/Desktop/devops
2018-03-07 22:09:09,159 INFO o.a.j.JMeter: PWD       =/Users/sahilbalodi/Desktop/devops
2018-03-07 22:09:09,277 INFO o.a.j.JMeter: IP: 192.168.0.101 Name: BNG-167723-C02VL0YLHTD6 FullName: 192.168.0.101
2018-03-07 22:09:11,620 INFO o.a.j.g.a.LookAndFeelCommand: Installing Darcula LAF
2018-03-07 22:09:11,631 INFO o.a.j.g.a.LookAndFeelCommand: Using look and feel: com.bulenkov.darcula.DarculaLaf [Darcula]
2018-03-07 22:09:11,631 INFO o.a.j.JMeter: Setting LAF to: com.bulenkov.darcula.DarculaLaf
2018-03-07 22:09:11,691 INFO o.a.j.JMeter: Loaded icon properties from org/apache/jmeter/images/icon.properties
2018-03-07 22:09:12,318 INFO o.a.j.e.u.CompoundVariable: Note: Function class names must contain the string: '.functions.'
2018-03-07 22:09:12,318 INFO o.a.j.e.u.CompoundVariable: Note: Function class names must not contain the string: '.gui.'
2018-03-07 22:09:13,318 INFO k.a.j.JMeterPluginsUtils: JMeter-Plugins.org v.1.4.0
2018-03-07 22:09:13,722 WARN o.a.j.g.u.MenuFactory: Configuration error, probably corrupt or missing third party library(jar)? Could not create class: kg.apc.jmeter.reporters.LoadosophiaUploaderGui.
java.lang.NoClassDefFoundError: org/apache/commons/httpclient/methods/multipart/PartSource
	at kg.apc.jmeter.reporters.LoadosophiaUploaderGui.init(LoadosophiaUploaderGui.java:114) ~[JMeterPlugins-Standard.jar:?]
	at kg.apc.jmeter.reporters.LoadosophiaUploaderGui.<init>(LoadosophiaUploaderGui.java:28) ~[JMeterPlugins-Standard.jar:?]
	at sun.reflect.NativeConstructorAccessorImpl.newInstance0(Native Method) ~[?:1.8.0_151]
	at sun.reflect.NativeConstructorAccessorImpl.newInstance(NativeConstructorAccessorImpl.java:62) ~[?:1.8.0_151]
	at sun.reflect.DelegatingConstructorAccessorImpl.newInstance(DelegatingConstructorAccessorImpl.java:45) ~[?:1.8.0_151]
	at java.lang.reflect.Constructor.newInstance(Constructor.java:423) ~[?:1.8.0_151]
	at java.lang.Class.newInstance(Class.java:442) ~[?:1.8.0_151]
	at org.apache.jmeter.gui.util.MenuFactory.getGUIComponent(MenuFactory.java:174) ~[ApacheJMeter_core.jar:4.0 r1823414]
	at org.apache.jmeter.gui.util.MenuFactory.initializeMenus(MenuFactory.java:141) ~[ApacheJMeter_core.jar:4.0 r1823414]
	at org.apache.jmeter.gui.util.MenuFactory.<clinit>(MenuFactory.java:106) ~[ApacheJMeter_core.jar:4.0 r1823414]
	at org.apache.jmeter.control.gui.TestPlanGui.createPopupMenu(TestPlanGui.java:92) ~[ApacheJMeter_core.jar:4.0 r1823414]
	at org.apache.jmeter.gui.tree.JMeterTreeNode.createPopupMenu(JMeterTreeNode.java:155) ~[ApacheJMeter_core.jar:4.0 r1823414]
	at org.apache.jmeter.gui.action.EditCommand.doAction(EditCommand.java:46) ~[ApacheJMeter_core.jar:4.0 r1823414]
	at org.apache.jmeter.gui.action.ActionRouter.performAction(ActionRouter.java:88) ~[ApacheJMeter_core.jar:4.0 r1823414]
	at org.apache.jmeter.gui.action.ActionRouter.lambda$actionPerformed$0(ActionRouter.java:70) ~[ApacheJMeter_core.jar:4.0 r1823414]
	at java.awt.event.InvocationEvent.dispatch(InvocationEvent.java:311) [?:1.8.0_151]
	at java.awt.EventQueue.dispatchEventImpl(EventQueue.java:756) [?:1.8.0_151]
	at java.awt.EventQueue.access$500(EventQueue.java:97) [?:1.8.0_151]
	at java.awt.EventQueue$3.run(EventQueue.java:709) [?:1.8.0_151]
	at java.awt.EventQueue$3.run(EventQueue.java:703) [?:1.8.0_151]
	at java.security.AccessController.doPrivileged(Native Method) [?:1.8.0_151]
	at java.security.ProtectionDomain$JavaSecurityAccessImpl.doIntersectionPrivilege(ProtectionDomain.java:80) [?:1.8.0_151]
	at java.awt.EventQueue.dispatchEvent(EventQueue.java:726) [?:1.8.0_151]
	at java.awt.EventDispatchThread.pumpOneEventForFilters(EventDispatchThread.java:201) [?:1.8.0_151]
	at java.awt.EventDispatchThread.pumpEventsForFilter(EventDispatchThread.java:116) [?:1.8.0_151]
	at java.awt.EventDispatchThread.pumpEventsForHierarchy(EventDispatchThread.java:105) [?:1.8.0_151]
	at java.awt.EventDispatchThread.pumpEvents(EventDispatchThread.java:101) [?:1.8.0_151]
	at java.awt.EventDispatchThread.pumpEvents(EventDispatchThread.java:93) [?:1.8.0_151]
	at java.awt.EventDispatchThread.run(EventDispatchThread.java:82) [?:1.8.0_151]
Caused by: java.lang.ClassNotFoundException: org.apache.commons.httpclient.methods.multipart.PartSource
	at java.net.URLClassLoader.findClass(URLClassLoader.java:381) ~[?:1.8.0_151]
	at java.lang.ClassLoader.loadClass(ClassLoader.java:424) ~[?:1.8.0_151]
	at java.lang.ClassLoader.loadClass(ClassLoader.java:357) ~[?:1.8.0_151]
	... 29 more
2018-03-07 22:09:14,225 INFO o.a.j.p.h.s.HTTPSamplerBase: Parser for text/html is org.apache.jmeter.protocol.http.parser.LagartoBasedHtmlParser
2018-03-07 22:09:14,226 INFO o.a.j.p.h.s.HTTPSamplerBase: Parser for application/xhtml+xml is org.apache.jmeter.protocol.http.parser.LagartoBasedHtmlParser
2018-03-07 22:09:14,226 INFO o.a.j.p.h.s.HTTPSamplerBase: Parser for application/xml is org.apache.jmeter.protocol.http.parser.LagartoBasedHtmlParser
2018-03-07 22:09:14,226 INFO o.a.j.p.h.s.HTTPSamplerBase: Parser for text/xml is org.apache.jmeter.protocol.http.parser.LagartoBasedHtmlParser
2018-03-07 22:09:14,226 INFO o.a.j.p.h.s.HTTPSamplerBase: Parser for text/vnd.wap.wml is org.apache.jmeter.protocol.http.parser.RegexpHTMLParser
2018-03-07 22:09:14,226 INFO o.a.j.p.h.s.HTTPSamplerBase: Parser for text/css is org.apache.jmeter.protocol.http.parser.CssParser
2018-03-07 22:09:14,487 INFO o.a.j.e.KeyToolUtils: keytool found at 'keytool'
2018-03-07 22:09:14,488 INFO o.a.j.p.h.p.ProxyControl: HTTP(S) Test Script Recorder SSL Proxy will use keys that support embedded 3rd party resources in file /usr/local/Cellar/jmeter/4.0/libexec/bin/proxyserver.jks
2018-03-07 22:09:14,595 INFO o.a.j.s.FileServer: Default base='/Users/sahilbalodi/Desktop/devops'
2018-03-07 22:09:14,805 INFO o.a.j.s.SampleResult: Note: Sample TimeStamps are START times
2018-03-07 22:09:14,806 INFO o.a.j.s.SampleResult: sampleresult.default.encoding is set to ISO-8859-1
2018-03-07 22:09:14,806 INFO o.a.j.s.SampleResult: sampleresult.useNanoTime=true
2018-03-07 22:09:14,806 INFO o.a.j.s.SampleResult: sampleresult.nanoThreadSleep=5000
2018-03-07 22:09:20,775 INFO o.a.j.g.a.Load: Loading file: /Users/sahilbalodi/Desktop/devops/Thread Group.jmx
2018-03-07 22:09:20,775 INFO o.a.j.s.FileServer: Set new base='/Users/sahilbalodi/Desktop/devops'
2018-03-07 22:09:20,890 INFO o.a.j.s.SaveService: Testplan (JMX) version: 2.2. Testlog (JTL) version: 2.2
2018-03-07 22:09:20,904 INFO o.a.j.s.SaveService: Using SaveService properties file encoding UTF-8
2018-03-07 22:09:20,905 INFO o.a.j.s.SaveService: Using SaveService properties version 4.0
2018-03-07 22:09:20,908 INFO o.a.j.s.SaveService: Loading file: /Users/sahilbalodi/Desktop/devops/Thread Group.jmx
2018-03-07 22:09:21,022 INFO o.a.j.s.FileServer: Set new base='/Users/sahilbalodi/Desktop/devops'
2018-03-07 22:11:03,776 INFO o.a.j.e.StandardJMeterEngine: Running the test!
2018-03-07 22:11:03,777 INFO o.a.j.s.SampleEvent: List of sample_variables: []
2018-03-07 22:11:03,777 INFO o.a.j.s.SampleEvent: List of sample_variables: []
2018-03-07 22:11:03,783 INFO o.a.j.g.u.JMeterMenuBar: setRunning(true, *local*)
2018-03-07 22:11:03,995 INFO o.a.j.e.StandardJMeterEngine: Starting ThreadGroup: 1 : Thread Group
2018-03-07 22:11:03,995 INFO o.a.j.e.StandardJMeterEngine: Starting 100 threads for group Thread Group.
2018-03-07 22:11:03,995 INFO o.a.j.e.StandardJMeterEngine: Thread will continue on error
2018-03-07 22:11:03,995 INFO o.a.j.t.ThreadGroup: Starting thread group... number=1 threads=100 ramp-up=10 perThread=100.0 delayedStart=false
2018-03-07 22:11:04,001 INFO o.a.j.t.JMeterThread: Thread started: Thread Group 1-1
2018-03-07 22:11:04,006 INFO o.a.j.s.FileServer: Stored: /Users/sahilbalodi/Desktop/urls.csv
2018-03-07 22:11:04,025 INFO o.a.j.p.h.s.HTTPHCAbstractImpl: Local host = BNG-167723-C02VL0YLHTD6
2018-03-07 22:11:04,029 INFO o.a.j.t.ThreadGroup: Started thread group number 1
2018-03-07 22:11:04,030 INFO o.a.j.e.StandardJMeterEngine: All thread groups have been started
2018-03-07 22:11:04,030 INFO o.a.j.p.h.s.HTTPHC4Impl: HTTP request retry count = 0
2018-03-07 22:11:04,103 INFO o.a.j.t.JMeterThread: Thread started: Thread Group 1-2
2018-03-07 22:11:04,201 INFO o.a.j.t.JMeterThread: Thread started: Thread Group 1-3
2018-03-07 22:11:04,304 INFO o.a.j.t.JMeterThread: Thread started: Thread Group 1-4
2018-03-07 22:11:04,406 INFO o.a.j.t.JMeterThread: Thread started: Thread Group 1-5
2018-03-07 22:11:04,506 INFO o.a.j.t.JMeterThread: Thread started: Thread Group 1-6
2018-03-07 22:11:04,607 INFO o.a.j.t.JMeterThread: Thread started: Thread Group 1-7
2018-03-07 22:11:04,711 INFO o.a.j.t.JMeterThread: Thread started: Thread Group 1-8
2018-03-07 22:11:04,807 INFO o.a.j.t.JMeterThread: Thread started: Thread Group 1-9
2018-03-07 22:11:04,910 INFO o.a.j.t.JMeterThread: Thread started: Thread Group 1-10
2018-03-07 22:11:05,012 INFO o.a.j.t.JMeterThread: Thread started: Thread Group 1-11
2018-03-07 22:11:05,114 INFO o.a.j.t.JMeterThread: Thread started: Thread Group 1-12
2018-03-07 22:11:05,210 INFO o.a.j.t.JMeterThread: Thread started: Thread Group 1-13
2018-03-07 22:11:05,308 INFO o.a.j.t.JMeterThread: Thread started: Thread Group 1-14
2018-03-07 22:11:05,411 INFO o.a.j.t.JMeterThread: Thread started: Thread Group 1-15
2018-03-07 22:11:05,514 INFO o.a.j.t.JMeterThread: Thread started: Thread Group 1-16
2018-03-07 22:11:05,614 INFO o.a.j.t.JMeterThread: Thread started: Thread Group 1-17
2018-03-07 22:11:05,717 INFO o.a.j.t.JMeterThread: Thread started: Thread Group 1-18
2018-03-07 22:11:05,816 INFO o.a.j.t.JMeterThread: Thread started: Thread Group 1-19
2018-03-07 22:11:05,917 INFO o.a.j.t.JMeterThread: Thread started: Thread Group 1-20
2018-03-07 22:11:06,015 INFO o.a.j.t.JMeterThread: Thread started: Thread Group 1-21
2018-03-07 22:11:06,116 INFO o.a.j.t.JMeterThread: Thread started: Thread Group 1-22
2018-03-07 22:11:06,214 INFO o.a.j.t.JMeterThread: Thread started: Thread Group 1-23
2018-03-07 22:11:06,316 INFO o.a.j.t.JMeterThread: Thread started: Thread Group 1-24
2018-03-07 22:11:06,413 INFO o.a.j.t.JMeterThread: Thread started: Thread Group 1-25
2018-03-07 22:11:06,517 INFO o.a.j.t.JMeterThread: Thread started: Thread Group 1-26
2018-03-07 22:11:06,616 INFO o.a.j.t.JMeterThread: Thread started: Thread Group 1-27
2018-03-07 22:11:06,714 INFO o.a.j.t.JMeterThread: Thread started: Thread Group 1-28
2018-03-07 22:11:06,815 INFO o.a.j.t.JMeterThread: Thread started: Thread Group 1-29
2018-03-07 22:11:06,917 INFO o.a.j.t.JMeterThread: Thread started: Thread Group 1-30
2018-03-07 22:11:07,018 INFO o.a.j.t.JMeterThread: Thread started: Thread Group 1-31
2018-03-07 22:11:07,119 INFO o.a.j.t.JMeterThread: Thread started: Thread Group 1-32
2018-03-07 22:11:07,219 INFO o.a.j.t.JMeterThread: Thread started: Thread Group 1-33
2018-03-07 22:11:07,315 INFO o.a.j.t.JMeterThread: Thread started: Thread Group 1-34
2018-03-07 22:11:07,415 INFO o.a.j.t.JMeterThread: Thread started: Thread Group 1-35
2018-03-07 22:11:07,519 INFO o.a.j.t.JMeterThread: Thread started: Thread Group 1-36
2018-03-07 22:11:07,618 INFO o.a.j.t.JMeterThread: Thread started: Thread Group 1-37
2018-03-07 22:11:07,718 INFO o.a.j.t.JMeterThread: Thread started: Thread Group 1-38
2018-03-07 22:11:07,816 INFO o.a.j.t.JMeterThread: Thread started: Thread Group 1-39
2018-03-07 22:11:07,920 INFO o.a.j.t.JMeterThread: Thread started: Thread Group 1-40
2018-03-07 22:11:08,019 INFO o.a.j.t.JMeterThread: Thread started: Thread Group 1-41
2018-03-07 22:11:08,117 INFO o.a.j.t.JMeterThread: Thread started: Thread Group 1-42
2018-03-07 22:11:08,217 INFO o.a.j.t.JMeterThread: Thread started: Thread Group 1-43
2018-03-07 22:11:08,320 INFO o.a.j.t.JMeterThread: Thread started: Thread Group 1-44
2018-03-07 22:11:08,418 INFO o.a.j.t.JMeterThread: Thread started: Thread Group 1-45
2018-03-07 22:11:08,520 INFO o.a.j.t.JMeterThread: Thread started: Thread Group 1-46
2018-03-07 22:11:08,622 INFO o.a.j.t.JMeterThread: Thread started: Thread Group 1-47
2018-03-07 22:11:08,720 INFO o.a.j.t.JMeterThread: Thread started: Thread Group 1-48
2018-03-07 22:11:08,820 INFO o.a.j.t.JMeterThread: Thread started: Thread Group 1-49
2018-03-07 22:11:08,920 INFO o.a.j.t.JMeterThread: Thread started: Thread Group 1-50
2018-03-07 22:11:09,023 INFO o.a.j.t.JMeterThread: Thread started: Thread Group 1-51
2018-03-07 22:11:09,120 INFO o.a.j.t.JMeterThread: Thread started: Thread Group 1-52
2018-03-07 22:11:09,226 INFO o.a.j.t.JMeterThread: Thread started: Thread Group 1-53
2018-03-07 22:11:09,323 INFO o.a.j.t.JMeterThread: Thread started: Thread Group 1-54
2018-03-07 22:11:09,421 INFO o.a.j.t.JMeterThread: Thread started: Thread Group 1-55
2018-03-07 22:11:09,526 INFO o.a.j.t.JMeterThread: Thread started: Thread Group 1-56
2018-03-07 22:11:09,623 INFO o.a.j.t.JMeterThread: Thread started: Thread Group 1-57
2018-03-07 22:11:09,725 INFO o.a.j.t.JMeterThread: Thread started: Thread Group 1-58
2018-03-07 22:11:09,822 INFO o.a.j.t.JMeterThread: Thread started: Thread Group 1-59
2018-03-07 22:11:09,922 INFO o.a.j.t.JMeterThread: Thread started: Thread Group 1-60
2018-03-07 22:11:10,022 INFO o.a.j.t.JMeterThread: Thread started: Thread Group 1-61
2018-03-07 22:11:10,124 INFO o.a.j.t.JMeterThread: Thread started: Thread Group 1-62
2018-03-07 22:11:10,222 INFO o.a.j.t.JMeterThread: Thread started: Thread Group 1-63
2018-03-07 22:11:10,327 INFO o.a.j.t.JMeterThread: Thread started: Thread Group 1-64
2018-03-07 22:11:10,426 INFO o.a.j.t.JMeterThread: Thread started: Thread Group 1-65
2018-03-07 22:11:10,527 INFO o.a.j.t.JMeterThread: Thread started: Thread Group 1-66
2018-03-07 22:11:10,628 INFO o.a.j.t.JMeterThread: Thread started: Thread Group 1-67
2018-03-07 22:11:10,727 INFO o.a.j.t.JMeterThread: Thread started: Thread Group 1-68
2018-03-07 22:11:10,824 INFO o.a.j.t.JMeterThread: Thread started: Thread Group 1-69
2018-03-07 22:11:10,928 INFO o.a.j.t.JMeterThread: Thread started: Thread Group 1-70
2018-03-07 22:11:11,027 INFO o.a.j.t.JMeterThread: Thread started: Thread Group 1-71
2018-03-07 22:11:11,127 INFO o.a.j.t.JMeterThread: Thread started: Thread Group 1-72
2018-03-07 22:11:11,226 INFO o.a.j.t.JMeterThread: Thread started: Thread Group 1-73
2018-03-07 22:11:11,327 INFO o.a.j.t.JMeterThread: Thread started: Thread Group 1-74
2018-03-07 22:11:11,427 INFO o.a.j.t.JMeterThread: Thread started: Thread Group 1-75
2018-03-07 22:11:11,526 INFO o.a.j.t.JMeterThread: Thread started: Thread Group 1-76
2018-03-07 22:11:11,627 INFO o.a.j.t.JMeterThread: Thread started: Thread Group 1-77
2018-03-07 22:11:11,730 INFO o.a.j.t.JMeterThread: Thread started: Thread Group 1-78
2018-03-07 22:11:11,827 INFO o.a.j.t.JMeterThread: Thread started: Thread Group 1-79
2018-03-07 22:11:11,926 INFO o.a.j.t.JMeterThread: Thread started: Thread Group 1-80
2018-03-07 22:11:12,028 INFO o.a.j.t.JMeterThread: Thread started: Thread Group 1-81
2018-03-07 22:11:12,131 INFO o.a.j.t.JMeterThread: Thread started: Thread Group 1-82
2018-03-07 22:11:12,233 INFO o.a.j.t.JMeterThread: Thread started: Thread Group 1-83
2018-03-07 22:11:12,333 INFO o.a.j.t.JMeterThread: Thread started: Thread Group 1-84
2018-03-07 22:11:12,433 INFO o.a.j.t.JMeterThread: Thread started: Thread Group 1-85
2018-03-07 22:11:12,528 INFO o.a.j.t.JMeterThread: Thread started: Thread Group 1-86
2018-03-07 22:11:12,629 INFO o.a.j.t.JMeterThread: Thread started: Thread Group 1-87
2018-03-07 22:11:12,731 INFO o.a.j.t.JMeterThread: Thread started: Thread Group 1-88
2018-03-07 22:11:12,834 INFO o.a.j.t.JMeterThread: Thread started: Thread Group 1-89
2018-03-07 22:11:12,929 INFO o.a.j.t.JMeterThread: Thread started: Thread Group 1-90
2018-03-07 22:11:13,030 INFO o.a.j.t.JMeterThread: Thread started: Thread Group 1-91
2018-03-07 22:11:13,133 INFO o.a.j.t.JMeterThread: Thread started: Thread Group 1-92
2018-03-07 22:11:13,233 INFO o.a.j.t.JMeterThread: Thread started: Thread Group 1-93
2018-03-07 22:11:13,334 INFO o.a.j.t.JMeterThread: Thread started: Thread Group 1-94
2018-03-07 22:11:13,430 INFO o.a.j.t.JMeterThread: Thread started: Thread Group 1-95
2018-03-07 22:11:13,534 INFO o.a.j.t.JMeterThread: Thread started: Thread Group 1-96
2018-03-07 22:11:13,634 INFO o.a.j.t.JMeterThread: Thread started: Thread Group 1-97
2018-03-07 22:11:13,734 INFO o.a.j.t.JMeterThread: Thread started: Thread Group 1-98
2018-03-07 22:11:13,829 INFO o.a.j.t.JMeterThread: Thread started: Thread Group 1-99
2018-03-07 22:11:13,935 INFO o.a.j.t.JMeterThread: Thread started: Thread Group 1-100
2018-03-07 22:12:03,791 INFO o.a.j.g.a.Start: Stopping test
2018-03-07 22:12:03,809 INFO o.a.j.t.JMeterThread: Stopping: Thread Group 1-24
2018-03-07 22:12:03,809 INFO o.a.j.t.JMeterThread: Stopping: Thread Group 1-8
2018-03-07 22:12:03,809 INFO o.a.j.t.JMeterThread: Stopping: Thread Group 1-71
2018-03-07 22:12:03,809 WARN o.a.j.t.JMeterThread: The delay timer was interrupted - probably did not wait as long as intended.
2018-03-07 22:12:03,809 INFO o.a.j.t.JMeterThread: Stopping: Thread Group 1-13
2018-03-07 22:12:03,809 WARN o.a.j.t.JMeterThread: The delay timer was interrupted - probably did not wait as long as intended.
2018-03-07 22:12:03,809 WARN o.a.j.t.JMeterThread: The delay timer was interrupted - probably did not wait as long as intended.
2018-03-07 22:12:03,810 INFO o.a.j.t.JMeterThread: Stopping: Thread Group 1-62
2018-03-07 22:12:03,810 WARN o.a.j.t.JMeterThread: The delay timer was interrupted - probably did not wait as long as intended.
2018-03-07 22:12:03,810 INFO o.a.j.t.JMeterThread: Stopping: Thread Group 1-54
2018-03-07 22:12:03,810 INFO o.a.j.t.JMeterThread: Thread finished: Thread Group 1-71
2018-03-07 22:12:03,810 INFO o.a.j.t.JMeterThread: Thread finished: Thread Group 1-24
2018-03-07 22:12:03,810 WARN o.a.j.t.JMeterThread: The delay timer was interrupted - probably did not wait as long as intended.
2018-03-07 22:12:03,811 INFO o.a.j.t.JMeterThread: Thread finished: Thread Group 1-13
2018-03-07 22:12:03,811 WARN o.a.j.t.JMeterThread: The delay timer was interrupted - probably did not wait as long as intended.
2018-03-07 22:12:03,810 INFO o.a.j.t.JMeterThread: Thread finished: Thread Group 1-8
2018-03-07 22:12:03,811 INFO o.a.j.t.JMeterThread: Stopping: Thread Group 1-47
2018-03-07 22:12:03,811 INFO o.a.j.t.JMeterThread: Thread finished: Thread Group 1-62
2018-03-07 22:12:03,811 INFO o.a.j.t.JMeterThread: Stopping: Thread Group 1-69
2018-03-07 22:12:03,811 INFO o.a.j.t.JMeterThread: Thread finished: Thread Group 1-54
2018-03-07 22:12:03,811 INFO o.a.j.t.JMeterThread: Stopping: Thread Group 1-72
2018-03-07 22:12:03,811 INFO o.a.j.t.JMeterThread: Stopping: Thread Group 1-97
2018-03-07 22:12:03,811 INFO o.a.j.t.JMeterThread: Stopping: Thread Group 1-100
2018-03-07 22:12:03,812 WARN o.a.j.t.JMeterThread: The delay timer was interrupted - probably did not wait as long as intended.
2018-03-07 22:12:03,812 INFO o.a.j.t.JMeterThread: Stopping: Thread Group 1-96
2018-03-07 22:12:03,812 WARN o.a.j.t.JMeterThread: The delay timer was interrupted - probably did not wait as long as intended.
2018-03-07 22:12:03,812 WARN o.a.j.t.JMeterThread: The delay timer was interrupted - probably did not wait as long as intended.
2018-03-07 22:12:03,812 INFO o.a.j.t.JMeterThread: Stopping: Thread Group 1-70
2018-03-07 22:12:03,812 WARN o.a.j.t.JMeterThread: The delay timer was interrupted - probably did not wait as long as intended.
2018-03-07 22:12:03,812 WARN o.a.j.t.JMeterThread: The delay timer was interrupted - probably did not wait as long as intended.
2018-03-07 22:12:03,813 INFO o.a.j.t.JMeterThread: Thread finished: Thread Group 1-69
2018-03-07 22:12:03,813 INFO o.a.j.t.JMeterThread: Stopping: Thread Group 1-10
2018-03-07 22:12:03,813 WARN o.a.j.t.JMeterThread: The delay timer was interrupted - probably did not wait as long as intended.
2018-03-07 22:12:03,813 WARN o.a.j.t.JMeterThread: The delay timer was interrupted - probably did not wait as long as intended.
2018-03-07 22:12:03,813 INFO o.a.j.t.JMeterThread: Thread finished: Thread Group 1-47
2018-03-07 22:12:03,814 WARN o.a.j.t.JMeterThread: The delay timer was interrupted - probably did not wait as long as intended.
2018-03-07 22:12:03,814 INFO o.a.j.t.JMeterThread: Thread finished: Thread Group 1-100
2018-03-07 22:12:03,814 INFO o.a.j.t.JMeterThread: Thread finished: Thread Group 1-97
2018-03-07 22:12:03,814 INFO o.a.j.t.JMeterThread: Thread finished: Thread Group 1-72
2018-03-07 22:12:03,814 INFO o.a.j.t.JMeterThread: Thread finished: Thread Group 1-96
2018-03-07 22:12:03,814 INFO o.a.j.t.JMeterThread: Thread finished: Thread Group 1-70
2018-03-07 22:12:03,814 INFO o.a.j.t.JMeterThread: Thread finished: Thread Group 1-10
2018-03-07 22:12:03,813 INFO o.a.j.t.JMeterThread: Stopping: Thread Group 1-34
2018-03-07 22:12:03,816 INFO o.a.j.t.JMeterThread: Stopping: Thread Group 1-65
2018-03-07 22:12:03,816 INFO o.a.j.t.JMeterThread: Stopping: Thread Group 1-49
2018-03-07 22:12:03,816 WARN o.a.j.t.JMeterThread: The delay timer was interrupted - probably did not wait as long as intended.
2018-03-07 22:12:03,816 WARN o.a.j.t.JMeterThread: The delay timer was interrupted - probably did not wait as long as intended.
2018-03-07 22:12:03,816 INFO o.a.j.t.JMeterThread: Stopping: Thread Group 1-37
2018-03-07 22:12:03,817 WARN o.a.j.t.JMeterThread: The delay timer was interrupted - probably did not wait as long as intended.
2018-03-07 22:12:03,817 INFO o.a.j.t.JMeterThread: Stopping: Thread Group 1-38
2018-03-07 22:12:03,817 INFO o.a.j.t.JMeterThread: Stopping: Thread Group 1-84
2018-03-07 22:12:03,817 INFO o.a.j.t.JMeterThread: Thread finished: Thread Group 1-34
2018-03-07 22:12:03,817 INFO o.a.j.t.JMeterThread: Thread finished: Thread Group 1-49
2018-03-07 22:12:03,817 INFO o.a.j.t.JMeterThread: Stopping: Thread Group 1-91
2018-03-07 22:12:03,817 INFO o.a.j.t.JMeterThread: Thread finished: Thread Group 1-65
2018-03-07 22:12:03,818 INFO o.a.j.t.JMeterThread: Stopping: Thread Group 1-74
2018-03-07 22:12:03,818 INFO o.a.j.t.JMeterThread: Stopping: Thread Group 1-28
2018-03-07 22:12:03,818 INFO o.a.j.t.JMeterThread: Stopping: Thread Group 1-92
2018-03-07 22:12:03,818 WARN o.a.j.t.JMeterThread: The delay timer was interrupted - probably did not wait as long as intended.
2018-03-07 22:12:03,818 WARN o.a.j.t.JMeterThread: The delay timer was interrupted - probably did not wait as long as intended.
2018-03-07 22:12:03,818 INFO o.a.j.t.JMeterThread: Stopping: Thread Group 1-12
2018-03-07 22:12:03,818 INFO o.a.j.t.JMeterThread: Stopping: Thread Group 1-94
2018-03-07 22:12:03,818 INFO o.a.j.t.JMeterThread: Thread finished: Thread Group 1-37
2018-03-07 22:12:03,818 INFO o.a.j.t.JMeterThread: Stopping: Thread Group 1-25
2018-03-07 22:12:03,818 WARN o.a.j.t.JMeterThread: The delay timer was interrupted - probably did not wait as long as intended.
2018-03-07 22:12:03,818 WARN o.a.j.t.JMeterThread: The delay timer was interrupted - probably did not wait as long as intended.
2018-03-07 22:12:03,818 INFO o.a.j.t.JMeterThread: Stopping: Thread Group 1-18
2018-03-07 22:12:03,819 WARN o.a.j.t.JMeterThread: The delay timer was interrupted - probably did not wait as long as intended.
2018-03-07 22:12:03,820 WARN o.a.j.t.JMeterThread: The delay timer was interrupted - probably did not wait as long as intended.
2018-03-07 22:12:03,820 INFO o.a.j.t.JMeterThread: Thread finished: Thread Group 1-38
2018-03-07 22:12:03,821 WARN o.a.j.t.JMeterThread: The delay timer was interrupted - probably did not wait as long as intended.
2018-03-07 22:12:03,821 INFO o.a.j.t.JMeterThread: Thread finished: Thread Group 1-92
2018-03-07 22:12:03,820 WARN o.a.j.t.JMeterThread: The delay timer was interrupted - probably did not wait as long as intended.
2018-03-07 22:12:03,820 WARN o.a.j.t.JMeterThread: The delay timer was interrupted - probably did not wait as long as intended.
2018-03-07 22:12:03,820 WARN o.a.j.t.JMeterThread: The delay timer was interrupted - probably did not wait as long as intended.
2018-03-07 22:12:03,822 INFO o.a.j.t.JMeterThread: Thread finished: Thread Group 1-25
2018-03-07 22:12:03,820 INFO o.a.j.t.JMeterThread: Thread finished: Thread Group 1-91
2018-03-07 22:12:03,820 WARN o.a.j.t.JMeterThread: The delay timer was interrupted - probably did not wait as long as intended.
2018-03-07 22:12:03,822 INFO o.a.j.t.JMeterThread: Thread finished: Thread Group 1-74
2018-03-07 22:12:03,822 INFO o.a.j.t.JMeterThread: Thread finished: Thread Group 1-18
2018-03-07 22:12:03,822 INFO o.a.j.t.JMeterThread: Thread finished: Thread Group 1-94
2018-03-07 22:12:03,821 INFO o.a.j.t.JMeterThread: Thread finished: Thread Group 1-84
2018-03-07 22:12:03,821 INFO o.a.j.t.JMeterThread: Stopping: Thread Group 1-82
2018-03-07 22:12:03,823 INFO o.a.j.t.JMeterThread: Thread finished: Thread Group 1-12
2018-03-07 22:12:03,823 WARN o.a.j.t.JMeterThread: The delay timer was interrupted - probably did not wait as long as intended.
2018-03-07 22:12:03,822 INFO o.a.j.t.JMeterThread: Thread finished: Thread Group 1-28
2018-03-07 22:12:03,823 INFO o.a.j.t.JMeterThread: Stopping: Thread Group 1-26
2018-03-07 22:12:03,824 INFO o.a.j.t.JMeterThread: Stopping: Thread Group 1-41
2018-03-07 22:12:03,824 INFO o.a.j.t.JMeterThread: Thread finished: Thread Group 1-82
2018-03-07 22:12:03,824 INFO o.a.j.t.JMeterThread: Stopping: Thread Group 1-90
2018-03-07 22:12:03,825 WARN o.a.j.t.JMeterThread: Interrupting: Thread Group 1-90 sampler: HTTP Request
2018-03-07 22:12:03,825 WARN o.a.j.t.JMeterThread: The delay timer was interrupted - probably did not wait as long as intended.
2018-03-07 22:12:03,825 WARN o.a.j.t.JMeterThread: The delay timer was interrupted - probably did not wait as long as intended.
2018-03-07 22:12:03,826 INFO o.a.j.t.JMeterThread: Thread finished: Thread Group 1-41
2018-03-07 22:12:03,827 INFO o.a.j.t.JMeterThread: Stopping: Thread Group 1-50
2018-03-07 22:12:03,827 INFO o.a.j.t.JMeterThread: Thread finished: Thread Group 1-26
2018-03-07 22:12:03,827 INFO o.a.j.t.JMeterThread: Stopping: Thread Group 1-85
2018-03-07 22:12:03,827 INFO o.a.j.t.JMeterThread: Stopping: Thread Group 1-31
2018-03-07 22:12:03,827 INFO o.a.j.t.JMeterThread: Stopping: Thread Group 1-15
2018-03-07 22:12:03,827 INFO o.a.j.t.JMeterThread: Stopping: Thread Group 1-33
2018-03-07 22:12:03,827 INFO o.a.j.t.JMeterThread: Stopping: Thread Group 1-17
2018-03-07 22:12:03,828 WARN o.a.j.t.JMeterThread: The delay timer was interrupted - probably did not wait as long as intended.
2018-03-07 22:12:03,828 WARN o.a.j.t.JMeterThread: The delay timer was interrupted - probably did not wait as long as intended.
2018-03-07 22:12:03,828 WARN o.a.j.t.JMeterThread: The delay timer was interrupted - probably did not wait as long as intended.
2018-03-07 22:12:03,828 WARN o.a.j.t.JMeterThread: The delay timer was interrupted - probably did not wait as long as intended.
2018-03-07 22:12:03,828 WARN o.a.j.t.JMeterThread: The delay timer was interrupted - probably did not wait as long as intended.
2018-03-07 22:12:03,828 INFO o.a.j.t.JMeterThread: Stopping: Thread Group 1-63
2018-03-07 22:12:03,829 INFO o.a.j.t.JMeterThread: Stopping: Thread Group 1-61
2018-03-07 22:12:03,829 WARN o.a.j.t.JMeterThread: The delay timer was interrupted - probably did not wait as long as intended.
2018-03-07 22:12:03,829 INFO o.a.j.t.JMeterThread: Thread finished: Thread Group 1-85
2018-03-07 22:12:03,830 WARN o.a.j.t.JMeterThread: The delay timer was interrupted - probably did not wait as long as intended.
2018-03-07 22:12:03,829 INFO o.a.j.t.JMeterThread: Thread finished: Thread Group 1-15
2018-03-07 22:12:03,829 INFO o.a.j.t.JMeterThread: Thread finished: Thread Group 1-33
2018-03-07 22:12:03,830 INFO o.a.j.t.JMeterThread: Thread finished: Thread Group 1-17
2018-03-07 22:12:03,829 INFO o.a.j.t.JMeterThread: Thread finished: Thread Group 1-31
2018-03-07 22:12:03,830 INFO o.a.j.t.JMeterThread: Thread finished: Thread Group 1-50
2018-03-07 22:12:03,830 INFO o.a.j.t.JMeterThread: Thread finished: Thread Group 1-63
2018-03-07 22:12:03,831 INFO o.a.j.t.JMeterThread: Stopping: Thread Group 1-56
2018-03-07 22:12:03,831 INFO o.a.j.t.JMeterThread: Stopping: Thread Group 1-4
2018-03-07 22:12:03,831 INFO o.a.j.t.JMeterThread: Stopping: Thread Group 1-81
2018-03-07 22:12:03,831 INFO o.a.j.t.JMeterThread: Stopping: Thread Group 1-29
2018-03-07 22:12:03,831 INFO o.a.j.t.JMeterThread: Stopping: Thread Group 1-7
2018-03-07 22:12:03,831 INFO o.a.j.t.JMeterThread: Stopping: Thread Group 1-3
2018-03-07 22:12:03,831 INFO o.a.j.t.JMeterThread: Stopping: Thread Group 1-95
2018-03-07 22:12:03,831 WARN o.a.j.t.JMeterThread: The delay timer was interrupted - probably did not wait as long as intended.
2018-03-07 22:12:03,832 INFO o.a.j.t.JMeterThread: Stopping: Thread Group 1-99
2018-03-07 22:12:03,832 INFO o.a.j.t.JMeterThread: Thread finished: Thread Group 1-90
2018-03-07 22:12:03,832 WARN o.a.j.t.JMeterThread: The delay timer was interrupted - probably did not wait as long as intended.
2018-03-07 22:12:03,832 WARN o.a.j.t.JMeterThread: The delay timer was interrupted - probably did not wait as long as intended.
2018-03-07 22:12:03,831 WARN o.a.j.t.JMeterThread: The delay timer was interrupted - probably did not wait as long as intended.
2018-03-07 22:12:03,832 WARN o.a.j.t.JMeterThread: The delay timer was interrupted - probably did not wait as long as intended.
2018-03-07 22:12:03,832 WARN o.a.j.t.JMeterThread: The delay timer was interrupted - probably did not wait as long as intended.
2018-03-07 22:12:03,832 INFO o.a.j.t.JMeterThread: Stopping: Thread Group 1-5
2018-03-07 22:12:03,832 WARN o.a.j.t.JMeterThread: The delay timer was interrupted - probably did not wait as long as intended.
2018-03-07 22:12:03,832 WARN o.a.j.t.JMeterThread: The delay timer was interrupted - probably did not wait as long as intended.
2018-03-07 22:12:03,832 INFO o.a.j.t.JMeterThread: Thread finished: Thread Group 1-4
2018-03-07 22:12:03,832 INFO o.a.j.t.JMeterThread: Thread finished: Thread Group 1-61
2018-03-07 22:12:03,833 INFO o.a.j.t.JMeterThread: Thread finished: Thread Group 1-3
2018-03-07 22:12:03,833 INFO o.a.j.t.JMeterThread: Thread finished: Thread Group 1-95
2018-03-07 22:12:03,832 INFO o.a.j.t.JMeterThread: Thread finished: Thread Group 1-56
2018-03-07 22:12:03,833 WARN o.a.j.t.JMeterThread: The delay timer was interrupted - probably did not wait as long as intended.
2018-03-07 22:12:03,833 INFO o.a.j.t.JMeterThread: Thread finished: Thread Group 1-7
2018-03-07 22:12:03,834 INFO o.a.j.t.JMeterThread: Thread finished: Thread Group 1-5
2018-03-07 22:12:03,833 INFO o.a.j.t.JMeterThread: Thread finished: Thread Group 1-81
2018-03-07 22:12:03,833 WARN o.a.j.t.JMeterThread: The delay timer was interrupted - probably did not wait as long as intended.
2018-03-07 22:12:03,832 INFO o.a.j.t.JMeterThread: Stopping: Thread Group 1-55
2018-03-07 22:12:03,834 INFO o.a.j.t.JMeterThread: Thread finished: Thread Group 1-99
2018-03-07 22:12:03,834 INFO o.a.j.t.JMeterThread: Thread finished: Thread Group 1-29
2018-03-07 22:12:03,834 INFO o.a.j.t.JMeterThread: Stopping: Thread Group 1-87
2018-03-07 22:12:03,834 WARN o.a.j.t.JMeterThread: The delay timer was interrupted - probably did not wait as long as intended.
2018-03-07 22:12:03,834 INFO o.a.j.t.JMeterThread: Stopping: Thread Group 1-78
2018-03-07 22:12:03,835 INFO o.a.j.t.JMeterThread: Stopping: Thread Group 1-32
2018-03-07 22:12:03,835 WARN o.a.j.t.JMeterThread: The delay timer was interrupted - probably did not wait as long as intended.
2018-03-07 22:12:03,835 INFO o.a.j.t.JMeterThread: Thread finished: Thread Group 1-55
2018-03-07 22:12:03,835 INFO o.a.j.t.JMeterThread: Stopping: Thread Group 1-36
2018-03-07 22:12:03,835 WARN o.a.j.t.JMeterThread: The delay timer was interrupted - probably did not wait as long as intended.
2018-03-07 22:12:03,835 INFO o.a.j.t.JMeterThread: Thread finished: Thread Group 1-87
2018-03-07 22:12:03,835 WARN o.a.j.t.JMeterThread: The delay timer was interrupted - probably did not wait as long as intended.
2018-03-07 22:12:03,835 WARN o.a.j.t.JMeterThread: The delay timer was interrupted - probably did not wait as long as intended.
2018-03-07 22:12:03,835 INFO o.a.j.t.JMeterThread: Stopping: Thread Group 1-66
2018-03-07 22:12:03,836 INFO o.a.j.t.JMeterThread: Stopping: Thread Group 1-98
2018-03-07 22:12:03,836 WARN o.a.j.t.JMeterThread: The delay timer was interrupted - probably did not wait as long as intended.
2018-03-07 22:12:03,836 INFO o.a.j.t.JMeterThread: Stopping: Thread Group 1-1
2018-03-07 22:12:03,836 WARN o.a.j.t.JMeterThread: The delay timer was interrupted - probably did not wait as long as intended.
2018-03-07 22:12:03,836 INFO o.a.j.t.JMeterThread: Stopping: Thread Group 1-68
2018-03-07 22:12:03,836 INFO o.a.j.t.JMeterThread: Thread finished: Thread Group 1-78
2018-03-07 22:12:03,837 INFO o.a.j.t.JMeterThread: Thread finished: Thread Group 1-32
2018-03-07 22:12:03,837 WARN o.a.j.t.JMeterThread: The delay timer was interrupted - probably did not wait as long as intended.
2018-03-07 22:12:03,837 WARN o.a.j.t.JMeterThread: The delay timer was interrupted - probably did not wait as long as intended.
2018-03-07 22:12:03,836 INFO o.a.j.t.JMeterThread: Thread finished: Thread Group 1-66
2018-03-07 22:12:03,837 INFO o.a.j.t.JMeterThread: Thread finished: Thread Group 1-98
2018-03-07 22:12:03,837 INFO o.a.j.t.JMeterThread: Thread finished: Thread Group 1-36
2018-03-07 22:12:03,838 INFO o.a.j.t.JMeterThread: Thread finished: Thread Group 1-1
2018-03-07 22:12:03,838 INFO o.a.j.t.JMeterThread: Thread finished: Thread Group 1-68
2018-03-07 22:12:03,837 INFO o.a.j.t.JMeterThread: Stopping: Thread Group 1-52
2018-03-07 22:12:03,838 INFO o.a.j.t.JMeterThread: Stopping: Thread Group 1-14
2018-03-07 22:12:03,838 INFO o.a.j.t.JMeterThread: Stopping: Thread Group 1-30
2018-03-07 22:12:03,838 INFO o.a.j.t.JMeterThread: Stopping: Thread Group 1-79
2018-03-07 22:12:03,838 INFO o.a.j.t.JMeterThread: Stopping: Thread Group 1-43
2018-03-07 22:12:03,838 INFO o.a.j.t.JMeterThread: Stopping: Thread Group 1-59
2018-03-07 22:12:03,838 WARN o.a.j.t.JMeterThread: The delay timer was interrupted - probably did not wait as long as intended.
2018-03-07 22:12:03,838 INFO o.a.j.t.JMeterThread: Stopping: Thread Group 1-83
2018-03-07 22:12:03,838 WARN o.a.j.t.JMeterThread: The delay timer was interrupted - probably did not wait as long as intended.
2018-03-07 22:12:03,839 WARN o.a.j.t.JMeterThread: The delay timer was interrupted - probably did not wait as long as intended.
2018-03-07 22:12:03,839 WARN o.a.j.t.JMeterThread: The delay timer was interrupted - probably did not wait as long as intended.
2018-03-07 22:12:03,839 INFO o.a.j.t.JMeterThread: Thread finished: Thread Group 1-52
2018-03-07 22:12:03,839 INFO o.a.j.t.JMeterThread: Thread finished: Thread Group 1-79
2018-03-07 22:12:03,839 INFO o.a.j.t.JMeterThread: Thread finished: Thread Group 1-43
2018-03-07 22:12:03,839 WARN o.a.j.t.JMeterThread: The delay timer was interrupted - probably did not wait as long as intended.
2018-03-07 22:12:03,838 WARN o.a.j.t.JMeterThread: The delay timer was interrupted - probably did not wait as long as intended.
2018-03-07 22:12:03,839 INFO o.a.j.t.JMeterThread: Thread finished: Thread Group 1-59
2018-03-07 22:12:03,839 INFO o.a.j.t.JMeterThread: Thread finished: Thread Group 1-30
2018-03-07 22:12:03,839 WARN o.a.j.t.JMeterThread: The delay timer was interrupted - probably did not wait as long as intended.
2018-03-07 22:12:03,840 INFO o.a.j.t.JMeterThread: Thread finished: Thread Group 1-83
2018-03-07 22:12:03,840 INFO o.a.j.t.JMeterThread: Thread finished: Thread Group 1-14
2018-03-07 22:12:03,839 INFO o.a.j.t.JMeterThread: Stopping: Thread Group 1-9
2018-03-07 22:12:03,840 INFO o.a.j.t.JMeterThread: Stopping: Thread Group 1-80
2018-03-07 22:12:03,840 INFO o.a.j.t.JMeterThread: Stopping: Thread Group 1-64
2018-03-07 22:12:03,840 WARN o.a.j.t.JMeterThread: The delay timer was interrupted - probably did not wait as long as intended.
2018-03-07 22:12:03,840 INFO o.a.j.t.JMeterThread: Stopping: Thread Group 1-16
2018-03-07 22:12:03,840 INFO o.a.j.t.JMeterThread: Stopping: Thread Group 1-89
2018-03-07 22:12:03,840 INFO o.a.j.t.JMeterThread: Thread finished: Thread Group 1-9
2018-03-07 22:12:03,840 INFO o.a.j.t.JMeterThread: Stopping: Thread Group 1-57
2018-03-07 22:12:03,840 INFO o.a.j.t.JMeterThread: Stopping: Thread Group 1-67
2018-03-07 22:12:03,840 INFO o.a.j.t.JMeterThread: Stopping: Thread Group 1-53
2018-03-07 22:12:03,840 WARN o.a.j.t.JMeterThread: The delay timer was interrupted - probably did not wait as long as intended.
2018-03-07 22:12:03,840 INFO o.a.j.t.JMeterThread: Stopping: Thread Group 1-77
2018-03-07 22:12:03,840 WARN o.a.j.t.JMeterThread: The delay timer was interrupted - probably did not wait as long as intended.
2018-03-07 22:12:03,841 INFO o.a.j.t.JMeterThread: Stopping: Thread Group 1-93
2018-03-07 22:12:03,841 INFO o.a.j.t.JMeterThread: Thread finished: Thread Group 1-80
2018-03-07 22:12:03,841 INFO o.a.j.t.JMeterThread: Stopping: Thread Group 1-42
2018-03-07 22:12:03,841 INFO o.a.j.t.JMeterThread: Thread finished: Thread Group 1-64
2018-03-07 22:12:03,841 INFO o.a.j.t.JMeterThread: Stopping: Thread Group 1-22
2018-03-07 22:12:03,841 WARN o.a.j.t.JMeterThread: The delay timer was interrupted - probably did not wait as long as intended.
2018-03-07 22:12:03,841 WARN o.a.j.t.JMeterThread: The delay timer was interrupted - probably did not wait as long as intended.
2018-03-07 22:12:03,841 WARN o.a.j.t.JMeterThread: The delay timer was interrupted - probably did not wait as long as intended.
2018-03-07 22:12:03,841 WARN o.a.j.t.JMeterThread: The delay timer was interrupted - probably did not wait as long as intended.
2018-03-07 22:12:03,841 WARN o.a.j.t.JMeterThread: The delay timer was interrupted - probably did not wait as long as intended.
2018-03-07 22:12:03,841 WARN o.a.j.t.JMeterThread: The delay timer was interrupted - probably did not wait as long as intended.
2018-03-07 22:12:03,841 WARN o.a.j.t.JMeterThread: The delay timer was interrupted - probably did not wait as long as intended.
2018-03-07 22:12:03,841 INFO o.a.j.t.JMeterThread: Stopping: Thread Group 1-2
2018-03-07 22:12:03,841 WARN o.a.j.t.JMeterThread: The delay timer was interrupted - probably did not wait as long as intended.
2018-03-07 22:12:03,841 INFO o.a.j.t.JMeterThread: Stopping: Thread Group 1-11
2018-03-07 22:12:03,841 WARN o.a.j.t.JMeterThread: The delay timer was interrupted - probably did not wait as long as intended.
2018-03-07 22:12:03,841 WARN o.a.j.t.JMeterThread: The delay timer was interrupted - probably did not wait as long as intended.
2018-03-07 22:12:03,841 INFO o.a.j.t.JMeterThread: Stopping: Thread Group 1-45
2018-03-07 22:12:03,841 WARN o.a.j.t.JMeterThread: The delay timer was interrupted - probably did not wait as long as intended.
2018-03-07 22:12:03,841 INFO o.a.j.t.JMeterThread: Stopping: Thread Group 1-46
2018-03-07 22:12:03,841 WARN o.a.j.t.JMeterThread: The delay timer was interrupted - probably did not wait as long as intended.
2018-03-07 22:12:03,841 INFO o.a.j.t.JMeterThread: Stopping: Thread Group 1-27
2018-03-07 22:12:03,841 WARN o.a.j.t.JMeterThread: The delay timer was interrupted - probably did not wait as long as intended.
2018-03-07 22:12:03,841 INFO o.a.j.t.JMeterThread: Stopping: Thread Group 1-40
2018-03-07 22:12:03,842 WARN o.a.j.t.JMeterThread: The delay timer was interrupted - probably did not wait as long as intended.
2018-03-07 22:12:03,842 INFO o.a.j.t.JMeterThread: Thread finished: Thread Group 1-16
2018-03-07 22:12:03,842 INFO o.a.j.t.JMeterThread: Stopping: Thread Group 1-58
2018-03-07 22:12:03,842 WARN o.a.j.t.JMeterThread: The delay timer was interrupted - probably did not wait as long as intended.
2018-03-07 22:12:03,842 INFO o.a.j.t.JMeterThread: Stopping: Thread Group 1-76
2018-03-07 22:12:03,842 WARN o.a.j.t.JMeterThread: The delay timer was interrupted - probably did not wait as long as intended.
2018-03-07 22:12:03,842 INFO o.a.j.t.JMeterThread: Stopping: Thread Group 1-44
2018-03-07 22:12:03,842 WARN o.a.j.t.JMeterThread: The delay timer was interrupted - probably did not wait as long as intended.
2018-03-07 22:12:03,842 INFO o.a.j.t.JMeterThread: Stopping: Thread Group 1-35
2018-03-07 22:12:03,842 WARN o.a.j.t.JMeterThread: The delay timer was interrupted - probably did not wait as long as intended.
2018-03-07 22:12:03,842 INFO o.a.j.t.JMeterThread: Stopping: Thread Group 1-19
2018-03-07 22:12:03,842 WARN o.a.j.t.JMeterThread: The delay timer was interrupted - probably did not wait as long as intended.
2018-03-07 22:12:03,842 INFO o.a.j.t.JMeterThread: Stopping: Thread Group 1-88
2018-03-07 22:12:03,842 WARN o.a.j.t.JMeterThread: The delay timer was interrupted - probably did not wait as long as intended.
2018-03-07 22:12:03,842 INFO o.a.j.t.JMeterThread: Stopping: Thread Group 1-6
2018-03-07 22:12:03,842 INFO o.a.j.t.JMeterThread: Thread finished: Thread Group 1-35
2018-03-07 22:12:03,842 WARN o.a.j.t.JMeterThread: The delay timer was interrupted - probably did not wait as long as intended.
2018-03-07 22:12:03,842 WARN o.a.j.t.JMeterThread: The delay timer was interrupted - probably did not wait as long as intended.
2018-03-07 22:12:03,842 INFO o.a.j.t.JMeterThread: Stopping: Thread Group 1-21
2018-03-07 22:12:03,842 INFO o.a.j.t.JMeterThread: Stopping: Thread Group 1-86
2018-03-07 22:12:03,842 WARN o.a.j.t.JMeterThread: The delay timer was interrupted - probably did not wait as long as intended.
2018-03-07 22:12:03,842 INFO o.a.j.t.JMeterThread: Stopping: Thread Group 1-73
2018-03-07 22:12:03,843 WARN o.a.j.t.JMeterThread: The delay timer was interrupted - probably did not wait as long as intended.
2018-03-07 22:12:03,843 INFO o.a.j.t.JMeterThread: Stopping: Thread Group 1-51
2018-03-07 22:12:03,843 WARN o.a.j.t.JMeterThread: The delay timer was interrupted - probably did not wait as long as intended.
2018-03-07 22:12:03,843 INFO o.a.j.t.JMeterThread: Thread finished: Thread Group 1-89
2018-03-07 22:12:03,843 INFO o.a.j.t.JMeterThread: Stopping: Thread Group 1-60
2018-03-07 22:12:03,843 WARN o.a.j.t.JMeterThread: The delay timer was interrupted - probably did not wait as long as intended.
2018-03-07 22:12:03,843 INFO o.a.j.t.JMeterThread: Stopping: Thread Group 1-48
2018-03-07 22:12:03,843 INFO o.a.j.t.JMeterThread: Thread finished: Thread Group 1-51
2018-03-07 22:12:03,843 WARN o.a.j.t.JMeterThread: The delay timer was interrupted - probably did not wait as long as intended.
2018-03-07 22:12:03,843 INFO o.a.j.t.JMeterThread: Stopping: Thread Group 1-23
2018-03-07 22:12:03,843 WARN o.a.j.t.JMeterThread: The delay timer was interrupted - probably did not wait as long as intended.
2018-03-07 22:12:03,843 INFO o.a.j.t.JMeterThread: Stopping: Thread Group 1-39
2018-03-07 22:12:03,843 WARN o.a.j.t.JMeterThread: The delay timer was interrupted - probably did not wait as long as intended.
2018-03-07 22:12:03,843 INFO o.a.j.t.JMeterThread: Stopping: Thread Group 1-75
2018-03-07 22:12:03,843 WARN o.a.j.t.JMeterThread: The delay timer was interrupted - probably did not wait as long as intended.
2018-03-07 22:12:03,843 INFO o.a.j.t.JMeterThread: Thread finished: Thread Group 1-53
2018-03-07 22:12:03,843 INFO o.a.j.t.JMeterThread: Thread finished: Thread Group 1-77
2018-03-07 22:12:03,843 WARN o.a.j.t.JMeterThread: The delay timer was interrupted - probably did not wait as long as intended.
2018-03-07 22:12:03,843 INFO o.a.j.t.JMeterThread: Stopping: Thread Group 1-20
2018-03-07 22:12:03,843 INFO o.a.j.t.JMeterThread: Thread finished: Thread Group 1-93
2018-03-07 22:12:03,843 INFO o.a.j.t.JMeterThread: Thread finished: Thread Group 1-42
2018-03-07 22:12:03,843 WARN o.a.j.t.JMeterThread: The delay timer was interrupted - probably did not wait as long as intended.
2018-03-07 22:12:03,843 INFO o.a.j.t.JMeterThread: Thread finished: Thread Group 1-22
2018-03-07 22:12:03,843 INFO o.a.j.t.JMeterThread: Thread finished: Thread Group 1-67
2018-03-07 22:12:03,844 INFO o.a.j.t.JMeterThread: Thread finished: Thread Group 1-57
2018-03-07 22:12:03,844 INFO o.a.j.t.JMeterThread: Thread finished: Thread Group 1-2
2018-03-07 22:12:03,845 INFO o.a.j.t.JMeterThread: Thread finished: Thread Group 1-11
2018-03-07 22:12:03,845 INFO o.a.j.t.JMeterThread: Thread finished: Thread Group 1-45
2018-03-07 22:12:03,845 INFO o.a.j.t.JMeterThread: Thread finished: Thread Group 1-76
2018-03-07 22:12:03,845 INFO o.a.j.t.JMeterThread: Thread finished: Thread Group 1-21
2018-03-07 22:12:03,845 INFO o.a.j.t.JMeterThread: Thread finished: Thread Group 1-23
2018-03-07 22:12:03,845 INFO o.a.j.t.JMeterThread: Thread finished: Thread Group 1-46
2018-03-07 22:12:03,845 INFO o.a.j.t.JMeterThread: Thread finished: Thread Group 1-86
2018-03-07 22:12:03,845 INFO o.a.j.t.JMeterThread: Thread finished: Thread Group 1-39
2018-03-07 22:12:03,845 INFO o.a.j.t.JMeterThread: Thread finished: Thread Group 1-75
2018-03-07 22:12:03,845 INFO o.a.j.t.JMeterThread: Thread finished: Thread Group 1-44
2018-03-07 22:12:03,846 INFO o.a.j.t.JMeterThread: Thread finished: Thread Group 1-73
2018-03-07 22:12:03,846 INFO o.a.j.t.JMeterThread: Thread finished: Thread Group 1-27
2018-03-07 22:12:03,846 INFO o.a.j.t.JMeterThread: Thread finished: Thread Group 1-20
2018-03-07 22:12:03,846 INFO o.a.j.t.JMeterThread: Thread finished: Thread Group 1-19
2018-03-07 22:12:03,846 INFO o.a.j.t.JMeterThread: Thread finished: Thread Group 1-88
2018-03-07 22:12:03,846 INFO o.a.j.t.JMeterThread: Thread finished: Thread Group 1-40
2018-03-07 22:12:03,846 INFO o.a.j.t.JMeterThread: Thread finished: Thread Group 1-60
2018-03-07 22:12:03,846 INFO o.a.j.t.JMeterThread: Thread finished: Thread Group 1-6
2018-03-07 22:12:03,846 INFO o.a.j.t.JMeterThread: Thread finished: Thread Group 1-48
2018-03-07 22:12:03,846 INFO o.a.j.t.JMeterThread: Thread finished: Thread Group 1-58
2018-03-07 22:12:03,847 INFO o.a.j.e.StandardJMeterEngine: Notifying test listeners of end of test
2018-03-07 22:12:03,847 INFO o.a.j.s.FileServer: Close: /Users/sahilbalodi/Desktop/urls.csv
2018-03-07 22:12:03,847 INFO o.a.j.g.u.JMeterMenuBar: setRunning(false, *local*)
2018-03-07 22:14:09,385 INFO o.a.j.e.StandardJMeterEngine: Running the test!
2018-03-07 22:14:09,386 INFO o.a.j.s.SampleEvent: List of sample_variables: []
2018-03-07 22:14:09,387 INFO o.a.j.g.u.JMeterMenuBar: setRunning(true, *local*)
2018-03-07 22:14:09,601 INFO o.a.j.e.StandardJMeterEngine: Starting ThreadGroup: 1 : Thread Group
2018-03-07 22:14:09,601 INFO o.a.j.e.StandardJMeterEngine: Starting 100 threads for group Thread Group.
2018-03-07 22:14:09,601 INFO o.a.j.e.StandardJMeterEngine: Thread will continue on error
2018-03-07 22:14:09,601 INFO o.a.j.t.ThreadGroup: Starting thread group... number=1 threads=100 ramp-up=10 perThread=100.0 delayedStart=false
2018-03-07 22:14:09,602 INFO o.a.j.t.JMeterThread: Thread started: Thread Group 1-1
2018-03-07 22:14:09,602 INFO o.a.j.s.FileServer: Stored: /Users/sahilbalodi/Desktop/urls.csv
2018-03-07 22:14:09,620 INFO o.a.j.t.ThreadGroup: Started thread group number 1
2018-03-07 22:14:09,620 INFO o.a.j.e.StandardJMeterEngine: All thread groups have been started
2018-03-07 22:14:09,705 INFO o.a.j.t.JMeterThread: Thread started: Thread Group 1-2
2018-03-07 22:14:09,805 INFO o.a.j.t.JMeterThread: Thread started: Thread Group 1-3
2018-03-07 22:14:09,907 INFO o.a.j.t.JMeterThread: Thread started: Thread Group 1-4
2018-03-07 22:14:10,008 INFO o.a.j.t.JMeterThread: Thread started: Thread Group 1-5
2018-03-07 22:14:10,108 INFO o.a.j.t.JMeterThread: Thread started: Thread Group 1-6
2018-03-07 22:14:10,204 INFO o.a.j.t.JMeterThread: Thread started: Thread Group 1-7
2018-03-07 22:14:10,308 INFO o.a.j.t.JMeterThread: Thread started: Thread Group 1-8
2018-03-07 22:14:10,408 INFO o.a.j.t.JMeterThread: Thread started: Thread Group 1-9
2018-03-07 22:14:10,508 INFO o.a.j.t.JMeterThread: Thread started: Thread Group 1-10
2018-03-07 22:14:10,605 INFO o.a.j.t.JMeterThread: Thread started: Thread Group 1-11
2018-03-07 22:14:10,709 INFO o.a.j.t.JMeterThread: Thread started: Thread Group 1-12
2018-03-07 22:14:10,808 INFO o.a.j.t.JMeterThread: Thread started: Thread Group 1-13
2018-03-07 22:14:10,908 INFO o.a.j.t.JMeterThread: Thread started: Thread Group 1-14
2018-03-07 22:14:11,007 INFO o.a.j.t.JMeterThread: Thread started: Thread Group 1-15
2018-03-07 22:14:11,108 INFO o.a.j.t.JMeterThread: Thread started: Thread Group 1-16
2018-03-07 22:14:11,208 INFO o.a.j.t.JMeterThread: Thread started: Thread Group 1-17
2018-03-07 22:14:11,308 INFO o.a.j.t.JMeterThread: Thread started: Thread Group 1-18
2018-03-07 22:14:11,405 INFO o.a.j.t.JMeterThread: Thread started: Thread Group 1-19
2018-03-07 22:14:11,508 INFO o.a.j.t.JMeterThread: Thread started: Thread Group 1-20
2018-03-07 22:14:11,610 INFO o.a.j.t.JMeterThread: Thread started: Thread Group 1-21
2018-03-07 22:14:11,712 INFO o.a.j.t.JMeterThread: Thread started: Thread Group 1-22
2018-03-07 22:14:11,812 INFO o.a.j.t.JMeterThread: Thread started: Thread Group 1-23
2018-03-07 22:14:11,908 INFO o.a.j.t.JMeterThread: Thread started: Thread Group 1-24
2018-03-07 22:14:12,010 INFO o.a.j.t.JMeterThread: Thread started: Thread Group 1-25
2018-03-07 22:14:12,108 INFO o.a.j.t.JMeterThread: Thread started: Thread Group 1-26
2018-03-07 22:14:12,210 INFO o.a.j.t.JMeterThread: Thread started: Thread Group 1-27
2018-03-07 22:14:12,308 INFO o.a.j.t.JMeterThread: Thread started: Thread Group 1-28
2018-03-07 22:14:12,408 INFO o.a.j.t.JMeterThread: Thread started: Thread Group 1-29
2018-03-07 22:14:12,509 INFO o.a.j.t.JMeterThread: Thread started: Thread Group 1-30
2018-03-07 22:14:12,611 INFO o.a.j.t.JMeterThread: Thread started: Thread Group 1-31
2018-03-07 22:14:12,714 INFO o.a.j.t.JMeterThread: Thread started: Thread Group 1-32
2018-03-07 22:14:12,814 INFO o.a.j.t.JMeterThread: Thread started: Thread Group 1-33
2018-03-07 22:14:12,911 INFO o.a.j.t.JMeterThread: Thread started: Thread Group 1-34
2018-03-07 22:14:13,012 INFO o.a.j.t.JMeterThread: Thread started: Thread Group 1-35
2018-03-07 22:14:13,113 INFO o.a.j.t.JMeterThread: Thread started: Thread Group 1-36
2018-03-07 22:14:13,215 INFO o.a.j.t.JMeterThread: Thread started: Thread Group 1-37
2018-03-07 22:14:13,314 INFO o.a.j.t.JMeterThread: Thread started: Thread Group 1-38
2018-03-07 22:14:13,414 INFO o.a.j.t.JMeterThread: Thread started: Thread Group 1-39
2018-03-07 22:14:13,511 INFO o.a.j.t.JMeterThread: Thread started: Thread Group 1-40
2018-03-07 22:14:13,615 INFO o.a.j.t.JMeterThread: Thread started: Thread Group 1-41
2018-03-07 22:14:13,714 INFO o.a.j.t.JMeterThread: Thread started: Thread Group 1-42
2018-03-07 22:14:13,810 INFO o.a.j.t.JMeterThread: Thread started: Thread Group 1-43
2018-03-07 22:14:13,915 INFO o.a.j.t.JMeterThread: Thread started: Thread Group 1-44
2018-03-07 22:14:14,012 INFO o.a.j.t.JMeterThread: Thread started: Thread Group 1-45
2018-03-07 22:14:14,112 INFO o.a.j.t.JMeterThread: Thread started: Thread Group 1-46
2018-03-07 22:14:14,214 INFO o.a.j.t.JMeterThread: Thread started: Thread Group 1-47
2018-03-07 22:14:14,311 INFO o.a.j.t.JMeterThread: Thread started: Thread Group 1-48
2018-03-07 22:14:14,415 INFO o.a.j.t.JMeterThread: Thread started: Thread Group 1-49
2018-03-07 22:14:14,515 INFO o.a.j.t.JMeterThread: Thread started: Thread Group 1-50
2018-03-07 22:14:14,615 INFO o.a.j.t.JMeterThread: Thread started: Thread Group 1-51
2018-03-07 22:14:14,713 INFO o.a.j.t.JMeterThread: Thread started: Thread Group 1-52
2018-03-07 22:14:14,814 INFO o.a.j.t.JMeterThread: Thread started: Thread Group 1-53
2018-03-07 22:14:14,915 INFO o.a.j.t.JMeterThread: Thread started: Thread Group 1-54
2018-03-07 22:14:15,013 INFO o.a.j.t.JMeterThread: Thread started: Thread Group 1-55
2018-03-07 22:14:15,116 INFO o.a.j.t.JMeterThread: Thread started: Thread Group 1-56
2018-03-07 22:14:15,215 INFO o.a.j.t.JMeterThread: Thread started: Thread Group 1-57
2018-03-07 22:14:15,314 INFO o.a.j.t.JMeterThread: Thread started: Thread Group 1-58
2018-03-07 22:14:15,417 INFO o.a.j.t.JMeterThread: Thread started: Thread Group 1-59
2018-03-07 22:14:15,513 INFO o.a.j.t.JMeterThread: Thread started: Thread Group 1-60
2018-03-07 22:14:15,617 INFO o.a.j.t.JMeterThread: Thread started: Thread Group 1-61
2018-03-07 22:14:15,715 INFO o.a.j.t.JMeterThread: Thread started: Thread Group 1-62
2018-03-07 22:14:15,815 INFO o.a.j.t.JMeterThread: Thread started: Thread Group 1-63
2018-03-07 22:14:15,915 INFO o.a.j.t.JMeterThread: Thread started: Thread Group 1-64
2018-03-07 22:14:16,018 INFO o.a.j.t.JMeterThread: Thread started: Thread Group 1-65
2018-03-07 22:14:16,117 INFO o.a.j.t.JMeterThread: Thread started: Thread Group 1-66
2018-03-07 22:14:16,215 INFO o.a.j.t.JMeterThread: Thread started: Thread Group 1-67
2018-03-07 22:14:16,315 INFO o.a.j.t.JMeterThread: Thread started: Thread Group 1-68
2018-03-07 22:14:16,414 INFO o.a.j.t.JMeterThread: Thread started: Thread Group 1-69
2018-03-07 22:14:16,518 INFO o.a.j.t.JMeterThread: Thread started: Thread Group 1-70
2018-03-07 22:14:16,620 INFO o.a.j.t.JMeterThread: Thread started: Thread Group 1-71
2018-03-07 22:14:16,720 INFO o.a.j.t.JMeterThread: Thread started: Thread Group 1-72
2018-03-07 22:14:16,815 INFO o.a.j.t.JMeterThread: Thread started: Thread Group 1-73
2018-03-07 22:14:16,915 INFO o.a.j.t.JMeterThread: Thread started: Thread Group 1-74
2018-03-07 22:14:17,015 INFO o.a.j.t.JMeterThread: Thread started: Thread Group 1-75
2018-03-07 22:14:17,119 INFO o.a.j.t.JMeterThread: Thread started: Thread Group 1-76
2018-03-07 22:14:17,217 INFO o.a.j.t.JMeterThread: Thread started: Thread Group 1-77
2018-03-07 22:14:17,321 INFO o.a.j.t.JMeterThread: Thread started: Thread Group 1-78
2018-03-07 22:14:17,419 INFO o.a.j.t.JMeterThread: Thread started: Thread Group 1-79
2018-03-07 22:14:17,518 INFO o.a.j.t.JMeterThread: Thread started: Thread Group 1-80
2018-03-07 22:14:17,617 INFO o.a.j.t.JMeterThread: Thread started: Thread Group 1-81
2018-03-07 22:14:17,718 INFO o.a.j.t.JMeterThread: Thread started: Thread Group 1-82
2018-03-07 22:14:17,820 INFO o.a.j.t.JMeterThread: Thread started: Thread Group 1-83
2018-03-07 22:14:17,920 INFO o.a.j.t.JMeterThread: Thread started: Thread Group 1-84
2018-03-07 22:14:18,023 INFO o.a.j.t.JMeterThread: Thread started: Thread Group 1-85
2018-03-07 22:14:18,120 INFO o.a.j.t.JMeterThread: Thread started: Thread Group 1-86
2018-03-07 22:14:18,219 INFO o.a.j.t.JMeterThread: Thread started: Thread Group 1-87
2018-03-07 22:14:18,320 INFO o.a.j.t.JMeterThread: Thread started: Thread Group 1-88
2018-03-07 22:14:18,423 INFO o.a.j.t.JMeterThread: Thread started: Thread Group 1-89
2018-03-07 22:14:18,520 INFO o.a.j.t.JMeterThread: Thread started: Thread Group 1-90
2018-03-07 22:14:18,624 INFO o.a.j.t.JMeterThread: Thread started: Thread Group 1-91
2018-03-07 22:14:18,723 INFO o.a.j.t.JMeterThread: Thread started: Thread Group 1-92
2018-03-07 22:14:18,822 INFO o.a.j.t.JMeterThread: Thread started: Thread Group 1-93
2018-03-07 22:14:18,921 INFO o.a.j.t.JMeterThread: Thread started: Thread Group 1-94
2018-03-07 22:14:19,019 INFO o.a.j.t.JMeterThread: Thread started: Thread Group 1-95
2018-03-07 22:14:19,125 INFO o.a.j.t.JMeterThread: Thread started: Thread Group 1-96
2018-03-07 22:14:19,225 INFO o.a.j.t.JMeterThread: Thread started: Thread Group 1-97
2018-03-07 22:14:19,325 INFO o.a.j.t.JMeterThread: Thread started: Thread Group 1-98
2018-03-07 22:14:19,425 INFO o.a.j.t.JMeterThread: Thread started: Thread Group 1-99
2018-03-07 22:14:19,525 INFO o.a.j.t.JMeterThread: Thread started: Thread Group 1-100
2018-03-07 22:15:05,140 INFO o.a.j.t.JMeterThread: Thread is done: Thread Group 1-1
2018-03-07 22:15:05,140 INFO o.a.j.t.JMeterThread: Thread finished: Thread Group 1-1
2018-03-07 22:15:15,066 INFO o.a.j.t.JMeterThread: Thread is done: Thread Group 1-2
2018-03-07 22:15:15,066 INFO o.a.j.t.JMeterThread: Thread finished: Thread Group 1-2
2018-03-07 22:15:19,969 INFO o.a.j.t.JMeterThread: Thread is done: Thread Group 1-3
2018-03-07 22:15:19,969 INFO o.a.j.t.JMeterThread: Thread finished: Thread Group 1-3
2018-03-07 22:15:23,207 INFO o.a.j.t.JMeterThread: Thread is done: Thread Group 1-4
2018-03-07 22:15:23,207 INFO o.a.j.t.JMeterThread: Thread finished: Thread Group 1-4
2018-03-07 22:15:25,772 INFO o.a.j.t.JMeterThread: Thread is done: Thread Group 1-5
2018-03-07 22:15:25,772 INFO o.a.j.t.JMeterThread: Thread finished: Thread Group 1-5
2018-03-07 22:15:27,673 INFO o.a.j.t.JMeterThread: Thread is done: Thread Group 1-6
2018-03-07 22:15:27,673 INFO o.a.j.t.JMeterThread: Thread finished: Thread Group 1-6
2018-03-07 22:15:29,491 INFO o.a.j.t.JMeterThread: Thread is done: Thread Group 1-7
2018-03-07 22:15:29,491 INFO o.a.j.t.JMeterThread: Thread finished: Thread Group 1-7
2018-03-07 22:15:30,794 INFO o.a.j.t.JMeterThread: Thread is done: Thread Group 1-8
2018-03-07 22:15:30,794 INFO o.a.j.t.JMeterThread: Thread finished: Thread Group 1-8
2018-03-07 22:15:31,882 INFO o.a.j.t.JMeterThread: Thread is done: Thread Group 1-9
2018-03-07 22:15:31,882 INFO o.a.j.t.JMeterThread: Thread finished: Thread Group 1-9
2018-03-07 22:15:33,154 INFO o.a.j.t.JMeterThread: Thread is done: Thread Group 1-10
2018-03-07 22:15:33,154 INFO o.a.j.t.JMeterThread: Thread finished: Thread Group 1-10
2018-03-07 22:15:34,058 INFO o.a.j.t.JMeterThread: Thread is done: Thread Group 1-11
2018-03-07 22:15:34,058 INFO o.a.j.t.JMeterThread: Thread finished: Thread Group 1-11
2018-03-07 22:15:34,927 INFO o.a.j.t.JMeterThread: Thread is done: Thread Group 1-12
2018-03-07 22:15:34,927 INFO o.a.j.t.JMeterThread: Thread finished: Thread Group 1-12
2018-03-07 22:15:35,602 INFO o.a.j.t.JMeterThread: Thread is done: Thread Group 1-13
2018-03-07 22:15:35,602 INFO o.a.j.t.JMeterThread: Thread finished: Thread Group 1-13
2018-03-07 22:15:36,323 INFO o.a.j.t.JMeterThread: Thread is done: Thread Group 1-14
2018-03-07 22:15:36,323 INFO o.a.j.t.JMeterThread: Thread finished: Thread Group 1-14
2018-03-07 22:15:36,925 INFO o.a.j.t.JMeterThread: Thread is done: Thread Group 1-15
2018-03-07 22:15:36,925 INFO o.a.j.t.JMeterThread: Thread finished: Thread Group 1-15
2018-03-07 22:15:37,568 INFO o.a.j.t.JMeterThread: Thread is done: Thread Group 1-16
2018-03-07 22:15:37,568 INFO o.a.j.t.JMeterThread: Thread finished: Thread Group 1-16
2018-03-07 22:15:38,096 INFO o.a.j.t.JMeterThread: Thread is done: Thread Group 1-17
2018-03-07 22:15:38,096 INFO o.a.j.t.JMeterThread: Thread finished: Thread Group 1-17
2018-03-07 22:15:38,555 INFO o.a.j.t.JMeterThread: Thread is done: Thread Group 1-18
2018-03-07 22:15:38,555 INFO o.a.j.t.JMeterThread: Thread finished: Thread Group 1-18
2018-03-07 22:15:39,090 INFO o.a.j.t.JMeterThread: Thread is done: Thread Group 1-19
2018-03-07 22:15:39,090 INFO o.a.j.t.JMeterThread: Thread finished: Thread Group 1-19
2018-03-07 22:15:39,598 INFO o.a.j.t.JMeterThread: Thread is done: Thread Group 1-20
2018-03-07 22:15:39,598 INFO o.a.j.t.JMeterThread: Thread finished: Thread Group 1-20
2018-03-07 22:15:40,035 INFO o.a.j.t.JMeterThread: Thread is done: Thread Group 1-21
2018-03-07 22:15:40,035 INFO o.a.j.t.JMeterThread: Thread finished: Thread Group 1-21
2018-03-07 22:15:40,411 INFO o.a.j.t.JMeterThread: Thread is done: Thread Group 1-22
2018-03-07 22:15:40,411 INFO o.a.j.t.JMeterThread: Thread finished: Thread Group 1-22
2018-03-07 22:15:40,767 INFO o.a.j.t.JMeterThread: Thread is done: Thread Group 1-23
2018-03-07 22:15:40,767 INFO o.a.j.t.JMeterThread: Thread finished: Thread Group 1-23
2018-03-07 22:15:41,126 INFO o.a.j.t.JMeterThread: Thread is done: Thread Group 1-24
2018-03-07 22:15:41,126 INFO o.a.j.t.JMeterThread: Thread finished: Thread Group 1-24
2018-03-07 22:15:41,477 INFO o.a.j.t.JMeterThread: Thread is done: Thread Group 1-25
2018-03-07 22:15:41,477 INFO o.a.j.t.JMeterThread: Thread finished: Thread Group 1-25
2018-03-07 22:15:41,734 INFO o.a.j.t.JMeterThread: Thread is done: Thread Group 1-26
2018-03-07 22:15:41,734 INFO o.a.j.t.JMeterThread: Thread finished: Thread Group 1-26
2018-03-07 22:15:42,088 INFO o.a.j.t.JMeterThread: Thread is done: Thread Group 1-27
2018-03-07 22:15:42,088 INFO o.a.j.t.JMeterThread: Thread finished: Thread Group 1-27
2018-03-07 22:15:42,352 INFO o.a.j.t.JMeterThread: Thread is done: Thread Group 1-28
2018-03-07 22:15:42,352 INFO o.a.j.t.JMeterThread: Thread finished: Thread Group 1-28
2018-03-07 22:15:42,631 INFO o.a.j.t.JMeterThread: Thread is done: Thread Group 1-29
2018-03-07 22:15:42,631 INFO o.a.j.t.JMeterThread: Thread finished: Thread Group 1-29
2018-03-07 22:15:42,911 INFO o.a.j.t.JMeterThread: Thread is done: Thread Group 1-30
2018-03-07 22:15:42,911 INFO o.a.j.t.JMeterThread: Thread finished: Thread Group 1-30
2018-03-07 22:15:43,157 INFO o.a.j.t.JMeterThread: Thread is done: Thread Group 1-31
2018-03-07 22:15:43,157 INFO o.a.j.t.JMeterThread: Thread finished: Thread Group 1-31
2018-03-07 22:15:43,401 INFO o.a.j.t.JMeterThread: Thread is done: Thread Group 1-32
2018-03-07 22:15:43,401 INFO o.a.j.t.JMeterThread: Thread finished: Thread Group 1-32
2018-03-07 22:15:43,650 INFO o.a.j.t.JMeterThread: Thread is done: Thread Group 1-33
2018-03-07 22:15:43,650 INFO o.a.j.t.JMeterThread: Thread finished: Thread Group 1-33
2018-03-07 22:15:43,845 INFO o.a.j.t.JMeterThread: Thread is done: Thread Group 1-34
2018-03-07 22:15:43,846 INFO o.a.j.t.JMeterThread: Thread finished: Thread Group 1-34
2018-03-07 22:15:44,049 INFO o.a.j.t.JMeterThread: Thread is done: Thread Group 1-35
2018-03-07 22:15:44,049 INFO o.a.j.t.JMeterThread: Thread finished: Thread Group 1-35
2018-03-07 22:15:44,231 INFO o.a.j.t.JMeterThread: Thread is done: Thread Group 1-36
2018-03-07 22:15:44,231 INFO o.a.j.t.JMeterThread: Thread finished: Thread Group 1-36
2018-03-07 22:15:44,446 INFO o.a.j.t.JMeterThread: Thread is done: Thread Group 1-37
2018-03-07 22:15:44,446 INFO o.a.j.t.JMeterThread: Thread finished: Thread Group 1-37
2018-03-07 22:15:44,560 INFO o.a.j.t.JMeterThread: Thread is done: Thread Group 1-38
2018-03-07 22:15:44,560 INFO o.a.j.t.JMeterThread: Thread finished: Thread Group 1-38
2018-03-07 22:15:44,802 INFO o.a.j.t.JMeterThread: Thread is done: Thread Group 1-39
2018-03-07 22:15:44,802 INFO o.a.j.t.JMeterThread: Thread finished: Thread Group 1-39
2018-03-07 22:15:44,979 INFO o.a.j.t.JMeterThread: Thread is done: Thread Group 1-40
2018-03-07 22:15:44,979 INFO o.a.j.t.JMeterThread: Thread finished: Thread Group 1-40
2018-03-07 22:15:45,124 INFO o.a.j.t.JMeterThread: Thread is done: Thread Group 1-41
2018-03-07 22:15:45,124 INFO o.a.j.t.JMeterThread: Thread finished: Thread Group 1-41
2018-03-07 22:15:45,271 INFO o.a.j.t.JMeterThread: Thread is done: Thread Group 1-42
2018-03-07 22:15:45,271 INFO o.a.j.t.JMeterThread: Thread finished: Thread Group 1-42
2018-03-07 22:15:45,424 INFO o.a.j.t.JMeterThread: Thread is done: Thread Group 1-43
2018-03-07 22:15:45,424 INFO o.a.j.t.JMeterThread: Thread finished: Thread Group 1-43
2018-03-07 22:15:45,582 INFO o.a.j.t.JMeterThread: Thread is done: Thread Group 1-44
2018-03-07 22:15:45,582 INFO o.a.j.t.JMeterThread: Thread finished: Thread Group 1-44
2018-03-07 22:15:45,696 INFO o.a.j.t.JMeterThread: Thread is done: Thread Group 1-45
2018-03-07 22:15:45,696 INFO o.a.j.t.JMeterThread: Thread finished: Thread Group 1-45
2018-03-07 22:15:45,827 INFO o.a.j.t.JMeterThread: Thread is done: Thread Group 1-46
2018-03-07 22:15:45,827 INFO o.a.j.t.JMeterThread: Thread finished: Thread Group 1-46
2018-03-07 22:15:45,962 INFO o.a.j.t.JMeterThread: Thread is done: Thread Group 1-47
2018-03-07 22:15:45,962 INFO o.a.j.t.JMeterThread: Thread finished: Thread Group 1-47
2018-03-07 22:15:46,116 INFO o.a.j.t.JMeterThread: Thread is done: Thread Group 1-48
2018-03-07 22:15:46,116 INFO o.a.j.t.JMeterThread: Thread finished: Thread Group 1-48
2018-03-07 22:15:46,244 INFO o.a.j.t.JMeterThread: Thread is done: Thread Group 1-49
2018-03-07 22:15:46,244 INFO o.a.j.t.JMeterThread: Thread finished: Thread Group 1-49
2018-03-07 22:15:46,313 INFO o.a.j.t.JMeterThread: Thread is done: Thread Group 1-50
2018-03-07 22:15:46,313 INFO o.a.j.t.JMeterThread: Thread finished: Thread Group 1-50
2018-03-07 22:15:46,465 INFO o.a.j.t.JMeterThread: Thread is done: Thread Group 1-51
2018-03-07 22:15:46,466 INFO o.a.j.t.JMeterThread: Thread finished: Thread Group 1-51
2018-03-07 22:15:46,528 INFO o.a.j.t.JMeterThread: Thread is done: Thread Group 1-52
2018-03-07 22:15:46,528 INFO o.a.j.t.JMeterThread: Thread finished: Thread Group 1-52
2018-03-07 22:15:46,666 INFO o.a.j.t.JMeterThread: Thread is done: Thread Group 1-53
2018-03-07 22:15:46,666 INFO o.a.j.t.JMeterThread: Thread finished: Thread Group 1-53
2018-03-07 22:15:46,754 INFO o.a.j.t.JMeterThread: Thread is done: Thread Group 1-54
2018-03-07 22:15:46,754 INFO o.a.j.t.JMeterThread: Thread finished: Thread Group 1-54
2018-03-07 22:15:46,817 INFO o.a.j.t.JMeterThread: Thread is done: Thread Group 1-55
2018-03-07 22:15:46,817 INFO o.a.j.t.JMeterThread: Thread finished: Thread Group 1-55
2018-03-07 22:15:46,925 INFO o.a.j.t.JMeterThread: Thread is done: Thread Group 1-56
2018-03-07 22:15:46,925 INFO o.a.j.t.JMeterThread: Thread finished: Thread Group 1-56
2018-03-07 22:15:47,009 INFO o.a.j.t.JMeterThread: Thread is done: Thread Group 1-57
2018-03-07 22:15:47,009 INFO o.a.j.t.JMeterThread: Thread finished: Thread Group 1-57
2018-03-07 22:15:47,123 INFO o.a.j.t.JMeterThread: Thread is done: Thread Group 1-58
2018-03-07 22:15:47,123 INFO o.a.j.t.JMeterThread: Thread finished: Thread Group 1-58
2018-03-07 22:15:47,201 INFO o.a.j.t.JMeterThread: Thread is done: Thread Group 1-59
2018-03-07 22:15:47,201 INFO o.a.j.t.JMeterThread: Thread finished: Thread Group 1-59
2018-03-07 22:15:47,245 INFO o.a.j.t.JMeterThread: Thread is done: Thread Group 1-60
2018-03-07 22:15:47,245 INFO o.a.j.t.JMeterThread: Thread finished: Thread Group 1-60
2018-03-07 22:15:47,345 INFO o.a.j.t.JMeterThread: Thread is done: Thread Group 1-61
2018-03-07 22:15:47,345 INFO o.a.j.t.JMeterThread: Thread finished: Thread Group 1-61
2018-03-07 22:15:47,415 INFO o.a.j.t.JMeterThread: Thread is done: Thread Group 1-62
2018-03-07 22:15:47,415 INFO o.a.j.t.JMeterThread: Thread finished: Thread Group 1-62
2018-03-07 22:15:47,483 INFO o.a.j.t.JMeterThread: Thread is done: Thread Group 1-63
2018-03-07 22:15:47,483 INFO o.a.j.t.JMeterThread: Thread finished: Thread Group 1-63
2018-03-07 22:15:47,562 INFO o.a.j.t.JMeterThread: Thread is done: Thread Group 1-64
2018-03-07 22:15:47,562 INFO o.a.j.t.JMeterThread: Thread finished: Thread Group 1-64
2018-03-07 22:15:47,634 INFO o.a.j.t.JMeterThread: Thread is done: Thread Group 1-65
2018-03-07 22:15:47,634 INFO o.a.j.t.JMeterThread: Thread finished: Thread Group 1-65
2018-03-07 22:15:47,651 INFO o.a.j.t.JMeterThread: Thread is done: Thread Group 1-66
2018-03-07 22:15:47,651 INFO o.a.j.t.JMeterThread: Thread finished: Thread Group 1-66
2018-03-07 22:15:47,710 INFO o.a.j.t.JMeterThread: Thread is done: Thread Group 1-67
2018-03-07 22:15:47,710 INFO o.a.j.t.JMeterThread: Thread finished: Thread Group 1-67
2018-03-07 22:15:47,780 INFO o.a.j.t.JMeterThread: Thread is done: Thread Group 1-68
2018-03-07 22:15:47,780 INFO o.a.j.t.JMeterThread: Thread finished: Thread Group 1-68
2018-03-07 22:15:47,827 INFO o.a.j.t.JMeterThread: Thread is done: Thread Group 1-69
2018-03-07 22:15:47,827 INFO o.a.j.t.JMeterThread: Thread finished: Thread Group 1-69
2018-03-07 22:15:47,924 INFO o.a.j.t.JMeterThread: Thread is done: Thread Group 1-70
2018-03-07 22:15:47,924 INFO o.a.j.t.JMeterThread: Thread finished: Thread Group 1-70
2018-03-07 22:15:47,958 INFO o.a.j.t.JMeterThread: Thread is done: Thread Group 1-71
2018-03-07 22:15:47,958 INFO o.a.j.t.JMeterThread: Thread finished: Thread Group 1-71
2018-03-07 22:15:47,984 INFO o.a.j.t.JMeterThread: Thread is done: Thread Group 1-72
2018-03-07 22:15:47,984 INFO o.a.j.t.JMeterThread: Thread finished: Thread Group 1-72
2018-03-07 22:15:48,012 INFO o.a.j.t.JMeterThread: Thread is done: Thread Group 1-73
2018-03-07 22:15:48,012 INFO o.a.j.t.JMeterThread: Thread finished: Thread Group 1-73
2018-03-07 22:15:48,071 INFO o.a.j.t.JMeterThread: Thread is done: Thread Group 1-74
2018-03-07 22:15:48,071 INFO o.a.j.t.JMeterThread: Thread finished: Thread Group 1-74
2018-03-07 22:15:48,121 INFO o.a.j.t.JMeterThread: Thread is done: Thread Group 1-75
2018-03-07 22:15:48,121 INFO o.a.j.t.JMeterThread: Thread finished: Thread Group 1-75
2018-03-07 22:15:48,143 INFO o.a.j.t.JMeterThread: Thread is done: Thread Group 1-76
2018-03-07 22:15:48,143 INFO o.a.j.t.JMeterThread: Thread finished: Thread Group 1-76
2018-03-07 22:15:48,234 INFO o.a.j.t.JMeterThread: Thread is done: Thread Group 1-77
2018-03-07 22:15:48,234 INFO o.a.j.t.JMeterThread: Thread finished: Thread Group 1-77
2018-03-07 22:15:48,249 INFO o.a.j.t.JMeterThread: Thread is done: Thread Group 1-78
2018-03-07 22:15:48,249 INFO o.a.j.t.JMeterThread: Thread finished: Thread Group 1-78
2018-03-07 22:15:48,275 INFO o.a.j.t.JMeterThread: Thread is done: Thread Group 1-80
2018-03-07 22:15:48,275 INFO o.a.j.t.JMeterThread: Thread finished: Thread Group 1-80
2018-03-07 22:15:48,275 INFO o.a.j.t.JMeterThread: Thread is done: Thread Group 1-79
2018-03-07 22:15:48,275 INFO o.a.j.t.JMeterThread: Thread finished: Thread Group 1-79
2018-03-07 22:15:48,314 INFO o.a.j.t.JMeterThread: Thread is done: Thread Group 1-81
2018-03-07 22:15:48,314 INFO o.a.j.t.JMeterThread: Thread finished: Thread Group 1-81
2018-03-07 22:15:48,362 INFO o.a.j.t.JMeterThread: Thread is done: Thread Group 1-82
2018-03-07 22:15:48,362 INFO o.a.j.t.JMeterThread: Thread finished: Thread Group 1-82
2018-03-07 22:15:48,395 INFO o.a.j.t.JMeterThread: Thread is done: Thread Group 1-83
2018-03-07 22:15:48,395 INFO o.a.j.t.JMeterThread: Thread finished: Thread Group 1-83
2018-03-07 22:15:48,409 INFO o.a.j.t.JMeterThread: Thread is done: Thread Group 1-84
2018-03-07 22:15:48,409 INFO o.a.j.t.JMeterThread: Thread finished: Thread Group 1-84
2018-03-07 22:15:48,470 INFO o.a.j.t.JMeterThread: Thread is done: Thread Group 1-85
2018-03-07 22:15:48,470 INFO o.a.j.t.JMeterThread: Thread finished: Thread Group 1-85
2018-03-07 22:15:48,476 INFO o.a.j.t.JMeterThread: Thread is done: Thread Group 1-86
2018-03-07 22:15:48,476 INFO o.a.j.t.JMeterThread: Thread finished: Thread Group 1-86
2018-03-07 22:15:48,487 INFO o.a.j.t.JMeterThread: Thread is done: Thread Group 1-87
2018-03-07 22:15:48,487 INFO o.a.j.t.JMeterThread: Thread finished: Thread Group 1-87
2018-03-07 22:15:48,496 INFO o.a.j.t.JMeterThread: Thread is done: Thread Group 1-88
2018-03-07 22:15:48,496 INFO o.a.j.t.JMeterThread: Thread finished: Thread Group 1-88
2018-03-07 22:15:48,511 INFO o.a.j.t.JMeterThread: Thread is done: Thread Group 1-89
2018-03-07 22:15:48,511 INFO o.a.j.t.JMeterThread: Thread finished: Thread Group 1-89
2018-03-07 22:15:48,551 INFO o.a.j.t.JMeterThread: Thread is done: Thread Group 1-90
2018-03-07 22:15:48,551 INFO o.a.j.t.JMeterThread: Thread finished: Thread Group 1-90
2018-03-07 22:15:48,560 INFO o.a.j.t.JMeterThread: Thread is done: Thread Group 1-91
2018-03-07 22:15:48,560 INFO o.a.j.t.JMeterThread: Thread finished: Thread Group 1-91
2018-03-07 22:15:48,567 INFO o.a.j.t.JMeterThread: Thread is done: Thread Group 1-92
2018-03-07 22:15:48,567 INFO o.a.j.t.JMeterThread: Thread finished: Thread Group 1-92
2018-03-07 22:15:48,619 INFO o.a.j.t.JMeterThread: Thread is done: Thread Group 1-96
2018-03-07 22:15:48,619 INFO o.a.j.t.JMeterThread: Thread finished: Thread Group 1-96
2018-03-07 22:15:48,619 INFO o.a.j.t.JMeterThread: Thread is done: Thread Group 1-97
2018-03-07 22:15:48,620 INFO o.a.j.t.JMeterThread: Thread finished: Thread Group 1-97
2018-03-07 22:15:48,627 INFO o.a.j.t.JMeterThread: Thread is done: Thread Group 1-95
2018-03-07 22:15:48,627 INFO o.a.j.t.JMeterThread: Thread finished: Thread Group 1-95
2018-03-07 22:15:48,628 INFO o.a.j.t.JMeterThread: Thread is done: Thread Group 1-94
2018-03-07 22:15:48,628 INFO o.a.j.t.JMeterThread: Thread is done: Thread Group 1-93
2018-03-07 22:15:48,628 INFO o.a.j.t.JMeterThread: Thread finished: Thread Group 1-94
2018-03-07 22:15:48,628 INFO o.a.j.t.JMeterThread: Thread finished: Thread Group 1-93
2018-03-07 22:15:48,628 INFO o.a.j.t.JMeterThread: Thread is done: Thread Group 1-98
2018-03-07 22:15:48,628 INFO o.a.j.t.JMeterThread: Thread finished: Thread Group 1-98
2018-03-07 22:15:48,660 INFO o.a.j.t.JMeterThread: Thread is done: Thread Group 1-99
2018-03-07 22:15:48,660 INFO o.a.j.t.JMeterThread: Thread is done: Thread Group 1-100
2018-03-07 22:15:48,660 INFO o.a.j.t.JMeterThread: Thread finished: Thread Group 1-99
2018-03-07 22:15:48,660 INFO o.a.j.t.JMeterThread: Thread finished: Thread Group 1-100
2018-03-07 22:15:48,660 INFO o.a.j.e.StandardJMeterEngine: Notifying test listeners of end of test
2018-03-07 22:15:48,660 INFO o.a.j.s.FileServer: Close: /Users/sahilbalodi/Desktop/urls.csv
2018-03-07 22:15:48,661 INFO o.a.j.g.u.JMeterMenuBar: setRunning(false, *local*)
